62
__
..
;
(
)
,
=
{
}
void
char
int
struct
union
[
]
*
if
else
while
for
continue
break
return
++
--
sizeof
*=
/=
%=
+=
-=
<<=
>>=
&=
^=
|=
||
&&
|
^
&
==
!=
<
>
<=
>=
<<
>>
+
-
/
%
~
!
.
->
identifier
integer_constant
character_constant
string
93
program
dec_or_func
dec_or_funcs
type_specifier
dec_or_func1
plain_declarator
dec_or_func2
comma_array_sizes
init_declarator1
comma_init_declarators
function_definition1
declaration
declaration1
init_declarators
compound_statement
parameters
plain_declaration
comma_plain_declarations
declarators
declarator
comma_declarators
init_declarator
initializer
assignment_expression
comma_initializers
struct_or_union
type_specifier1
identifier
type_specifier2
type_specifiers
comma_type_specifiers
constant_expression
statement
expression_statement
selection_statement
iteration_statement
jump_statement
expression
selection_statement1
comma_declarations
comma_statements
iteration_statement1
iteration_statement2
iteration_statement3
jump_statement1
comma_assignment_expressions
assignment_expression2
postfixes
assignment_expression1
constant
string
unary_expression
unary_operator
cast_expression
unary_expression1
comma_cast_expressions
comma_multiplicative_expressions
comma_additive_expressions
comma_shift_expressions
comma_relational_expressions
comma_equality_expressions
comma_and_expressions
comma_exclusive_or_expressions
comma_inclusive_or_expressions
comma_logical_and_expressions
assignment_operator
type_name
logical_or_expression
logical_and_expression
inclusive_or_expression
exclusive_or_expression
and_expression
equality_expression
relational_expression
equality_operator
shift_expression
relational_operator
additive_expression
shift_operator
multiplicative_expression
additive_operator
multiplicative_operator
cast_expression1
pointers
postfix_expression
postfixes\
unary_expression2
primary_expression
postfix
postfix1
arguments
integer_constant
character_constant
198
1 2 1 2 1 3
3 1 0 1
3 2 1 2 1 3
2 2 1 4 1 5
5 1 0 3
5 2 1 6 1 7
7 4 1 8 1 9 1 10 0 3
7 2 0 4 1 11
12 2 1 4 1 13
13 1 0 3
13 2 1 14 0 3
11 2 0 5 1 15
11 3 1 16 0 5 1 15
16 2 1 17 1 18
18 1 0 1
18 3 0 6 1 17 1 18
19 2 1 20 1 21
21 1 0 1
21 3 0 6 1 20 1 21
14 2 1 22 1 10
10 1 0 1
10 3 0 6 1 22 1 10
22 2 1 20 1 9
9 1 0 1
9 2 0 7 1 23
23 1 1 24
23 4 0 8 1 23 1 25 0 9
25 1 0 1
25 3 0 6 1 23 1 25
4 1 0 10
4 1 0 11
4 1 0 12
4 2 1 26 1 27
27 2 1 28 1 29
27 3 0 8 1 30 0 9
29 1 0 1
29 3 0 8 1 30 0 9
30 4 1 4 1 19 0 3 1 31
31 1 0 1
31 4 1 4 1 19 0 3 1 31
26 1 0 13
26 1 0 14
17 2 1 4 1 20
20 2 1 6 1 8
8 1 0 1
8 4 0 15 1 32 0 16 1 8
6 1 1 28
6 2 0 17 1 6
33 1 1 34
33 1 1 15
33 1 1 35
33 1 1 36
33 1 1 37
35 6 0 18 0 4 1 38 0 5 1 33 1 39
39 1 0 1
39 2 0 19 1 33
34 1 0 3
34 2 1 38 0 3
15 4 0 8 1 40 1 41 0 9
40 1 0 1
40 2 1 12 1 40
41 1 0 1
41 2 1 33 1 41
36 5 0 20 0 4 1 38 0 5 1 33
36 3 0 21 0 4 1 42
42 2 1 34 1 43
43 2 1 34 1 44
44 2 0 5 1 33
44 3 1 38 0 5 1 33
37 2 0 22 0 3
37 2 0 23 0 3
37 2 0 24 1 45
45 1 0 3
45 2 1 38 0 3
38 2 1 24 1 46
46 1 0 1
46 3 0 6 1 24 1 46
24 2 0 4 1 47
24 3 1 28 1 48 1 49
24 3 1 50 1 48 1 49
24 3 1 51 1 48 1 49
24 3 0 25 1 52 1 49
24 3 0 26 1 52 1 49
24 3 1 53 1 54 1 49
24 3 0 27 1 55 1 49
49 10 1 56 1 57 1 58 1 59 1 60 1 61 1 62 1 63 1 64 1 65
49 2 1 66 1 24
47 13 1 67 0 5 1 54 1 56 1 57 1 58 1 59 1 60 1 61 1 62 1 63 1 64 1 65
47 4 1 38 0 5 1 48 1 49
66 1 0 7
66 1 0 28
66 1 0 29
66 1 0 30
66 1 0 31
66 1 0 32
66 1 0 33
66 1 0 34
66 1 0 35
66 1 0 36
66 1 0 37
32 1 1 68
68 2 1 69 1 65
65 1 0 1
65 3 0 38 1 69 1 65
69 2 1 70 1 64
64 1 0 1
64 3 0 39 1 70 1 64
70 2 1 71 1 63
63 1 0 1
63 3 0 40 1 71 1 63
71 2 1 72 1 62
62 1 0 1
62 3 0 41 1 72 1 62
72 2 1 73 1 61
61 1 0 1
61 3 0 42 1 73 1 61
73 2 1 74 1 60
60 1 0 1
60 3 1 75 1 74 1 60
75 1 0 43
75 1 0 44
74 2 1 76 1 59
59 1 0 1
59 3 1 77 1 76 1 59
77 1 0 45
77 1 0 46
77 1 0 47
77 1 0 48
76 2 1 78 1 58
58 1 0 1
58 3 1 79 1 78 1 58
79 1 0 49
79 1 0 50
78 2 1 80 1 57
57 1 0 1
57 3 1 81 1 80 1 57
81 1 0 51
81 1 0 52
80 2 1 54 1 56
56 1 0 1
56 3 1 82 1 54 1 56
82 1 0 17
82 1 0 53
82 1 0 54
54 2 1 28 1 48
54 2 1 50 1 48
54 2 1 51 1 48
54 2 0 4 1 83
54 2 0 25 1 52
54 2 0 26 1 52
54 2 1 53 1 54
54 2 0 27 1 55
83 3 1 38 0 5 1 48
83 3 1 67 0 5 1 54
67 2 1 4 1 84
84 1 0 1
84 2 0 17 1 84
52 1 1 85
52 2 0 25 1 52
52 2 0 26 1 52
52 2 1 53 1 54
52 2 0 27 1 55
55 6 1 28 1 86 1 50 1 86 1 51 1 48
55 2 0 4 1 87
55 2 0 25 1 52
55 2 0 26 1 52
55 2 1 53 1 54
55 2 0 27 1 55
87 3 1 38 0 5 1 48
87 2 1 67 0 5
53 1 0 42
53 1 0 17
53 1 0 51
53 1 0 52
53 1 0 55
53 1 0 56
85 2 1 88 1 48
48 1 0 1
48 2 1 89 1 48
89 3 0 15 1 38 0 16
89 2 0 4 1 90
89 2 0 57 1 28
89 2 0 58 1 28
89 1 0 25
89 1 0 26
90 1 0 5
90 2 1 91 0 5
91 1 1 38
88 1 1 28
88 1 1 50
88 1 1 51
88 3 0 4 1 38 0 5
50 1 1 92
50 1 1 93
28 1 0 59
92 1 0 60
93 1 0 61
51 1 0 62
0 0 0 0 0 0 0 0 0 1 1 1 1 1 0 0 0 0 0 0 0 0 0 0 0 0 0 0 0 0 0 0 0 0 0 0 0 0 0 0 0 0 0 0 0 0 0 0 0 0 0 0 0 0 0 0 0 0 0 0 0 0 
0 0 0 0 0 0 0 0 0 4 4 4 4 4 0 0 0 0 0 0 0 0 0 0 0 0 0 0 0 0 0 0 0 0 0 0 0 0 0 0 0 0 0 0 0 0 0 0 0 0 0 0 0 0 0 0 0 0 0 0 0 0 
2 2 0 0 0 0 0 0 0 3 3 3 3 3 0 0 0 0 0 0 0 0 0 0 0 0 0 0 0 0 0 0 0 0 0 0 0 0 0 0 0 0 0 0 0 0 0 0 0 0 0 0 0 0 0 0 0 0 0 0 0 0 
0 0 0 0 0 0 0 0 0 30 31 32 33 33 0 0 0 0 0 0 0 0 0 0 0 0 0 0 0 0 0 0 0 0 0 0 0 0 0 0 0 0 0 0 0 0 0 0 0 0 0 0 0 0 0 0 0 0 0 0 0 0 
0 0 5 0 0 0 0 0 0 0 0 0 0 0 0 0 6 0 0 0 0 0 0 0 0 0 0 0 0 0 0 0 0 0 0 0 0 0 0 0 0 0 0 0 0 0 0 0 0 0 0 0 0 0 0 0 0 0 6 0 0 0 
0 0 0 0 0 0 0 0 0 0 0 0 0 0 0 0 48 0 0 0 0 0 0 0 0 0 0 0 0 0 0 0 0 0 0 0 0 0 0 0 0 0 0 0 0 0 0 0 0 0 0 0 0 0 0 0 0 0 47 0 0 0 
0 0 7 8 0 7 7 0 0 0 0 0 0 0 7 0 0 0 0 0 0 0 0 0 0 0 0 0 0 0 0 0 0 0 0 0 0 0 0 0 0 0 0 0 0 0 0 0 0 0 0 0 0 0 0 0 0 0 0 0 0 0 
45 0 45 0 45 45 45 0 0 0 0 0 0 0 46 0 0 0 0 0 0 0 0 0 0 0 0 0 0 0 0 0 0 0 0 0 0 0 0 0 0 0 0 0 0 0 0 0 0 0 0 0 0 0 0 0 0 0 0 0 0 0 
24 0 24 0 0 24 25 0 0 0 0 0 0 0 0 0 0 0 0 0 0 0 0 0 0 0 0 0 0 0 0 0 0 0 0 0 0 0 0 0 0 0 0 0 0 0 0 0 0 0 0 0 0 0 0 0 0 0 0 0 0 0 
21 0 21 0 0 22 0 0 0 0 0 0 0 0 0 0 0 0 0 0 0 0 0 0 0 0 0 0 0 0 0 0 0 0 0 0 0 0 0 0 0 0 0 0 0 0 0 0 0 0 0 0 0 0 0 0 0 0 0 0 0 0 
0 0 0 0 12 0 0 0 0 13 13 13 13 13 0 0 0 0 0 0 0 0 0 0 0 0 0 0 0 0 0 0 0 0 0 0 0 0 0 0 0 0 0 0 0 0 0 0 0 0 0 0 0 0 0 0 0 0 0 0 0 0 
0 0 0 0 0 0 0 0 0 9 9 9 9 9 0 0 0 0 0 0 0 0 0 0 0 0 0 0 0 0 0 0 0 0 0 0 0 0 0 0 0 0 0 0 0 0 0 0 0 0 0 0 0 0 0 0 0 0 0 0 0 0 
0 0 10 0 0 0 0 0 0 0 0 0 0 0 0 0 11 0 0 0 0 0 0 0 0 0 0 0 0 0 0 0 0 0 0 0 0 0 0 0 0 0 0 0 0 0 0 0 0 0 0 0 0 0 0 0 0 0 11 0 0 0 
0 0 0 0 0 0 0 0 0 0 0 0 0 0 0 0 20 0 0 0 0 0 0 0 0 0 0 0 0 0 0 0 0 0 0 0 0 0 0 0 0 0 0 0 0 0 0 0 0 0 0 0 0 0 0 0 0 0 20 0 0 0 
0 0 0 0 0 0 0 59 0 0 0 0 0 0 0 0 0 0 0 0 0 0 0 0 0 0 0 0 0 0 0 0 0 0 0 0 0 0 0 0 0 0 0 0 0 0 0 0 0 0 0 0 0 0 0 0 0 0 0 0 0 0 
0 0 0 0 0 0 0 0 0 14 14 14 14 14 0 0 0 0 0 0 0 0 0 0 0 0 0 0 0 0 0 0 0 0 0 0 0 0 0 0 0 0 0 0 0 0 0 0 0 0 0 0 0 0 0 0 0 0 0 0 0 0 
0 0 0 0 0 0 0 0 0 43 43 43 43 43 0 0 0 0 0 0 0 0 0 0 0 0 0 0 0 0 0 0 0 0 0 0 0 0 0 0 0 0 0 0 0 0 0 0 0 0 0 0 0 0 0 0 0 0 0 0 0 0 
15 0 0 0 15 16 0 0 0 0 0 0 0 0 0 0 0 0 0 0 0 0 0 0 0 0 0 0 0 0 0 0 0 0 0 0 0 0 0 0 0 0 0 0 0 0 0 0 0 0 0 0 0 0 0 0 0 0 0 0 0 0 
0 0 0 0 0 0 0 0 0 0 0 0 0 0 0 0 17 0 0 0 0 0 0 0 0 0 0 0 0 0 0 0 0 0 0 0 0 0 0 0 0 0 0 0 0 0 0 0 0 0 0 0 0 0 0 0 0 0 17 0 0 0 
0 0 0 0 0 0 0 0 0 0 0 0 0 0 0 0 44 0 0 0 0 0 0 0 0 0 0 0 0 0 0 0 0 0 0 0 0 0 0 0 0 0 0 0 0 0 0 0 0 0 0 0 0 0 0 0 0 0 44 0 0 0 
18 0 18 0 0 19 0 0 0 0 0 0 0 0 0 0 0 0 0 0 0 0 0 0 0 0 0 0 0 0 0 0 0 0 0 0 0 0 0 0 0 0 0 0 0 0 0 0 0 0 0 0 0 0 0 0 0 0 0 0 0 0 
0 0 0 0 0 0 0 0 0 0 0 0 0 0 0 0 23 0 0 0 0 0 0 0 0 0 0 0 0 0 0 0 0 0 0 0 0 0 0 0 0 0 0 0 0 0 0 0 0 0 0 0 0 0 0 0 0 0 23 0 0 0 
0 0 0 26 0 0 0 27 0 0 0 0 0 0 0 0 26 0 0 0 0 0 0 0 26 26 26 0 0 0 0 0 0 0 0 0 0 0 0 0 0 26 0 0 0 0 0 0 0 0 26 26 0 0 26 26 0 0 26 26 26 26 
0 0 0 78 0 0 0 0 0 0 0 0 0 0 0 0 84 0 0 0 0 0 0 0 82 83 85 0 0 0 0 0 0 0 0 0 0 0 0 0 0 84 0 0 0 0 0 0 0 0 84 84 0 0 84 84 0 0 79 80 80 81 
28 0 0 0 0 29 0 0 28 0 0 0 0 0 0 0 0 0 0 0 0 0 0 0 0 0 0 0 0 0 0 0 0 0 0 0 0 0 0 0 0 0 0 0 0 0 0 0 0 0 0 0 0 0 0 0 0 0 0 0 0 0 
0 0 0 0 0 0 0 0 0 0 0 0 41 42 0 0 0 0 0 0 0 0 0 0 0 0 0 0 0 0 0 0 0 0 0 0 0 0 0 0 0 0 0 0 0 0 0 0 0 0 0 0 0 0 0 0 0 0 0 0 0 0 
0 0 0 0 0 0 0 35 0 0 0 0 0 0 0 0 0 0 0 0 0 0 0 0 0 0 0 0 0 0 0 0 0 0 0 0 0 0 0 0 0 0 0 0 0 0 0 0 0 0 0 0 0 0 0 0 0 0 34 0 0 0 
0 0 0 0 0 0 0 0 0 0 0 0 0 0 0 0 0 0 0 0 0 0 0 0 0 0 0 0 0 0 0 0 0 0 0 0 0 0 0 0 0 0 0 0 0 0 0 0 0 0 0 0 0 0 0 0 0 0 195 0 0 0 
36 0 36 0 36 0 0 37 0 0 0 0 0 0 0 0 36 0 0 0 0 0 0 0 0 0 0 0 0 0 0 0 0 0 0 0 0 0 0 0 0 0 0 0 0 0 0 0 0 0 0 0 0 0 0 0 0 0 36 0 0 0 
0 0 0 0 0 0 0 0 0 38 38 38 38 38 0 0 0 0 0 0 0 0 0 0 0 0 0 0 0 0 0 0 0 0 0 0 0 0 0 0 0 0 0 0 0 0 0 0 0 0 0 0 0 0 0 0 0 0 0 0 0 0 
39 0 0 0 0 0 0 0 39 40 40 40 40 40 0 0 0 0 0 0 0 0 0 0 0 0 0 0 0 0 0 0 0 0 0 0 0 0 0 0 0 0 0 0 0 0 0 0 0 0 0 0 0 0 0 0 0 0 0 0 0 0 
0 0 0 101 0 0 0 0 0 0 0 0 0 0 0 0 101 0 0 0 0 0 0 0 101 101 101 0 0 0 0 0 0 0 0 0 0 0 0 0 0 101 0 0 0 0 0 0 0 0 101 101 0 0 101 101 0 0 101 101 101 101 
0 0 49 49 0 0 0 50 0 0 0 0 0 0 0 0 49 51 0 52 52 53 53 53 49 49 49 0 0 0 0 0 0 0 0 0 0 0 0 0 0 49 0 0 0 0 0 0 0 0 49 49 0 0 49 49 0 0 49 49 49 49 
0 0 57 58 0 0 0 0 0 0 0 0 0 0 0 0 58 0 0 0 0 0 0 0 58 58 58 0 0 0 0 0 0 0 0 0 0 0 0 0 0 58 0 0 0 0 0 0 0 0 58 58 0 0 58 58 0 0 58 58 58 58 
0 0 0 0 0 0 0 0 0 0 0 0 0 0 0 0 0 54 0 0 0 0 0 0 0 0 0 0 0 0 0 0 0 0 0 0 0 0 0 0 0 0 0 0 0 0 0 0 0 0 0 0 0 0 0 0 0 0 0 0 0 0 
0 0 0 0 0 0 0 0 0 0 0 0 0 0 0 0 0 0 0 64 65 0 0 0 0 0 0 0 0 0 0 0 0 0 0 0 0 0 0 0 0 0 0 0 0 0 0 0 0 0 0 0 0 0 0 0 0 0 0 0 0 0 
0 0 0 0 0 0 0 0 0 0 0 0 0 0 0 0 0 0 0 0 0 70 71 72 0 0 0 0 0 0 0 0 0 0 0 0 0 0 0 0 0 0 0 0 0 0 0 0 0 0 0 0 0 0 0 0 0 0 0 0 0 0 
0 0 0 75 0 0 0 0 0 0 0 0 0 0 0 0 75 0 0 0 0 0 0 0 75 75 75 0 0 0 0 0 0 0 0 0 0 0 0 0 0 75 0 0 0 0 0 0 0 0 75 75 0 0 75 75 0 0 75 75 75 75 
55 0 55 55 0 0 0 55 55 0 0 0 0 0 0 0 55 55 56 55 55 55 55 55 55 55 55 0 0 0 0 0 0 0 0 0 0 0 0 0 0 55 0 0 0 0 0 0 0 0 55 55 0 0 55 55 0 0 55 55 55 55 
60 0 60 60 0 0 0 60 60 61 61 61 61 61 0 0 60 60 0 60 60 60 60 60 60 60 60 0 0 0 0 0 0 0 0 0 0 0 0 0 0 60 0 0 0 0 0 0 0 0 60 60 0 0 60 60 0 0 60 60 60 60 
62 0 63 63 0 0 0 63 62 0 0 0 0 0 0 0 63 63 0 63 63 63 63 63 63 63 63 0 0 0 0 0 0 0 0 0 0 0 0 0 0 63 0 0 0 0 0 0 0 0 63 63 0 0 63 63 0 0 63 63 63 63 
0 0 66 66 0 0 0 0 0 0 0 0 0 0 0 0 66 0 0 0 0 0 0 0 66 66 66 0 0 0 0 0 0 0 0 0 0 0 0 0 0 66 0 0 0 0 0 0 0 0 66 66 0 0 66 66 0 0 66 66 66 66 
0 0 67 67 0 0 0 0 0 0 0 0 0 0 0 0 67 0 0 0 0 0 0 0 67 67 67 0 0 0 0 0 0 0 0 0 0 0 0 0 0 67 0 0 0 0 0 0 0 0 67 67 0 0 67 67 0 0 67 67 67 67 
0 0 0 69 68 0 0 0 0 0 0 0 0 0 0 0 69 0 0 0 0 0 0 0 69 69 69 0 0 0 0 0 0 0 0 0 0 0 0 0 0 69 0 0 0 0 0 0 0 0 69 69 0 0 69 69 0 0 69 69 69 69 
0 0 73 74 0 0 0 0 0 0 0 0 0 0 0 0 74 0 0 0 0 0 0 0 74 74 74 0 0 0 0 0 0 0 0 0 0 0 0 0 0 74 0 0 0 0 0 0 0 0 74 74 0 0 74 74 0 0 74 74 74 74 
76 0 76 0 76 77 0 0 0 0 0 0 0 0 0 76 0 0 0 0 0 0 0 0 0 0 0 0 0 0 0 0 0 0 0 0 0 0 0 0 0 0 0 0 0 0 0 0 0 0 0 0 0 0 0 0 0 0 0 0 0 0 
0 0 0 89 0 0 0 0 0 88 88 88 88 88 0 0 89 0 0 0 0 0 0 0 89 89 89 0 0 0 0 0 0 0 0 0 0 0 0 0 0 89 0 0 0 0 0 0 0 0 89 89 0 0 89 89 0 0 89 89 89 89 
178 0 178 179 178 178 178 0 178 0 0 0 0 0 179 178 178 0 0 0 0 0 0 0 179 179 0 178 178 178 178 178 178 178 178 178 178 178 178 178 178 178 178 178 178 178 178 178 178 178 178 178 178 178 0 0 179 179 0 0 0 0 
86 0 86 0 86 86 87 0 86 0 0 0 0 0 0 86 86 0 0 0 0 0 0 0 0 0 0 87 87 87 87 87 87 87 87 87 87 86 86 86 86 86 86 86 86 86 86 86 86 86 86 86 86 86 0 0 0 0 0 0 0 0 
0 0 0 0 0 0 0 0 0 0 0 0 0 0 0 0 0 0 0 0 0 0 0 0 0 0 0 0 0 0 0 0 0 0 0 0 0 0 0 0 0 0 0 0 0 0 0 0 0 0 0 0 0 0 0 0 0 0 0 193 194 0 
0 0 0 0 0 0 0 0 0 0 0 0 0 0 0 0 0 0 0 0 0 0 0 0 0 0 0 0 0 0 0 0 0 0 0 0 0 0 0 0 0 0 0 0 0 0 0 0 0 0 0 0 0 0 0 0 0 0 0 0 0 198 
0 0 0 158 0 0 0 0 0 0 0 0 0 0 0 0 161 0 0 0 0 0 0 0 159 160 162 0 0 0 0 0 0 0 0 0 0 0 0 0 0 161 0 0 0 0 0 0 0 0 161 161 0 0 161 161 0 0 158 158 158 158 
0 0 0 0 0 0 0 0 0 0 0 0 0 0 0 0 172 0 0 0 0 0 0 0 0 0 0 0 0 0 0 0 0 0 0 0 0 0 0 0 0 171 0 0 0 0 0 0 0 0 173 174 0 0 175 176 0 0 0 0 0 0 
0 0 0 148 0 0 0 0 0 0 0 0 0 0 0 0 151 0 0 0 0 0 0 0 149 150 152 0 0 0 0 0 0 0 0 0 0 0 0 0 0 151 0 0 0 0 0 0 0 0 151 151 0 0 151 151 0 0 145 146 146 147 
0 0 0 164 0 0 0 0 0 0 0 0 0 0 0 0 167 0 0 0 0 0 0 0 165 166 168 0 0 0 0 0 0 0 0 0 0 0 0 0 0 167 0 0 0 0 0 0 0 0 167 167 0 0 167 167 0 0 163 0 0 0 
140 0 140 0 140 140 0 0 140 0 0 0 0 0 0 140 141 0 0 0 0 0 0 0 0 0 0 0 0 0 0 0 0 0 0 0 0 140 140 140 140 140 140 140 140 140 140 140 140 140 140 140 141 141 0 0 0 0 0 0 0 0 
135 0 135 0 135 135 0 0 135 0 0 0 0 0 0 135 0 0 0 0 0 0 0 0 0 0 0 0 0 0 0 0 0 0 0 0 0 135 135 135 135 135 135 135 135 135 135 135 135 135 136 136 0 0 0 0 0 0 0 0 0 0 
130 0 130 0 130 130 0 0 130 0 0 0 0 0 0 130 0 0 0 0 0 0 0 0 0 0 0 0 0 0 0 0 0 0 0 0 0 130 130 130 130 130 130 130 130 130 130 130 131 131 0 0 0 0 0 0 0 0 0 0 0 0 
123 0 123 0 123 123 0 0 123 0 0 0 0 0 0 123 0 0 0 0 0 0 0 0 0 0 0 0 0 0 0 0 0 0 0 0 0 123 123 123 123 123 123 123 124 124 124 124 0 0 0 0 0 0 0 0 0 0 0 0 0 0 
118 0 118 0 118 118 0 0 118 0 0 0 0 0 0 118 0 0 0 0 0 0 0 0 0 0 0 0 0 0 0 0 0 0 0 0 0 118 118 118 118 118 119 119 0 0 0 0 0 0 0 0 0 0 0 0 0 0 0 0 0 0 
115 0 115 0 115 115 0 0 115 0 0 0 0 0 0 115 0 0 0 0 0 0 0 0 0 0 0 0 0 0 0 0 0 0 0 0 0 115 115 115 115 116 0 0 0 0 0 0 0 0 0 0 0 0 0 0 0 0 0 0 0 0 
112 0 112 0 112 112 0 0 112 0 0 0 0 0 0 112 0 0 0 0 0 0 0 0 0 0 0 0 0 0 0 0 0 0 0 0 0 112 112 112 113 0 0 0 0 0 0 0 0 0 0 0 0 0 0 0 0 0 0 0 0 0 
109 0 109 0 109 109 0 0 109 0 0 0 0 0 0 109 0 0 0 0 0 0 0 0 0 0 0 0 0 0 0 0 0 0 0 0 0 109 109 110 0 0 0 0 0 0 0 0 0 0 0 0 0 0 0 0 0 0 0 0 0 0 
106 0 106 0 106 106 0 0 106 0 0 0 0 0 0 106 0 0 0 0 0 0 0 0 0 0 0 0 0 0 0 0 0 0 0 0 0 106 107 0 0 0 0 0 0 0 0 0 0 0 0 0 0 0 0 0 0 0 0 0 0 0 
103 0 103 0 103 103 0 0 103 0 0 0 0 0 0 103 0 0 0 0 0 0 0 0 0 0 0 0 0 0 0 0 0 0 0 0 0 104 0 0 0 0 0 0 0 0 0 0 0 0 0 0 0 0 0 0 0 0 0 0 0 0 
0 0 0 0 0 0 90 0 0 0 0 0 0 0 0 0 0 0 0 0 0 0 0 0 0 0 0 91 92 93 94 95 96 97 98 99 100 0 0 0 0 0 0 0 0 0 0 0 0 0 0 0 0 0 0 0 0 0 0 0 0 0 
0 0 0 0 0 0 0 0 0 155 155 155 155 155 0 0 0 0 0 0 0 0 0 0 0 0 0 0 0 0 0 0 0 0 0 0 0 0 0 0 0 0 0 0 0 0 0 0 0 0 0 0 0 0 0 0 0 0 0 0 0 0 
0 0 0 102 0 0 0 0 0 0 0 0 0 0 0 0 102 0 0 0 0 0 0 0 102 102 102 0 0 0 0 0 0 0 0 0 0 0 0 0 0 102 0 0 0 0 0 0 0 0 102 102 0 0 102 102 0 0 102 102 102 102 
0 0 0 105 0 0 0 0 0 0 0 0 0 0 0 0 105 0 0 0 0 0 0 0 105 105 105 0 0 0 0 0 0 0 0 0 0 0 0 0 0 105 0 0 0 0 0 0 0 0 105 105 0 0 105 105 0 0 105 105 105 105 
0 0 0 108 0 0 0 0 0 0 0 0 0 0 0 0 108 0 0 0 0 0 0 0 108 108 108 0 0 0 0 0 0 0 0 0 0 0 0 0 0 108 0 0 0 0 0 0 0 0 108 108 0 0 108 108 0 0 108 108 108 108 
0 0 0 111 0 0 0 0 0 0 0 0 0 0 0 0 111 0 0 0 0 0 0 0 111 111 111 0 0 0 0 0 0 0 0 0 0 0 0 0 0 111 0 0 0 0 0 0 0 0 111 111 0 0 111 111 0 0 111 111 111 111 
0 0 0 114 0 0 0 0 0 0 0 0 0 0 0 0 114 0 0 0 0 0 0 0 114 114 114 0 0 0 0 0 0 0 0 0 0 0 0 0 0 114 0 0 0 0 0 0 0 0 114 114 0 0 114 114 0 0 114 114 114 114 
0 0 0 117 0 0 0 0 0 0 0 0 0 0 0 0 117 0 0 0 0 0 0 0 117 117 117 0 0 0 0 0 0 0 0 0 0 0 0 0 0 117 0 0 0 0 0 0 0 0 117 117 0 0 117 117 0 0 117 117 117 117 
0 0 0 122 0 0 0 0 0 0 0 0 0 0 0 0 122 0 0 0 0 0 0 0 122 122 122 0 0 0 0 0 0 0 0 0 0 0 0 0 0 122 0 0 0 0 0 0 0 0 122 122 0 0 122 122 0 0 122 122 122 122 
0 0 0 0 0 0 0 0 0 0 0 0 0 0 0 0 0 0 0 0 0 0 0 0 0 0 0 0 0 0 0 0 0 0 0 0 0 0 0 0 0 0 120 121 0 0 0 0 0 0 0 0 0 0 0 0 0 0 0 0 0 0 
0 0 0 129 0 0 0 0 0 0 0 0 0 0 0 0 129 0 0 0 0 0 0 0 129 129 129 0 0 0 0 0 0 0 0 0 0 0 0 0 0 129 0 0 0 0 0 0 0 0 129 129 0 0 129 129 0 0 129 129 129 129 
0 0 0 0 0 0 0 0 0 0 0 0 0 0 0 0 0 0 0 0 0 0 0 0 0 0 0 0 0 0 0 0 0 0 0 0 0 0 0 0 0 0 0 0 125 126 127 128 0 0 0 0 0 0 0 0 0 0 0 0 0 0 
0 0 0 134 0 0 0 0 0 0 0 0 0 0 0 0 134 0 0 0 0 0 0 0 134 134 134 0 0 0 0 0 0 0 0 0 0 0 0 0 0 134 0 0 0 0 0 0 0 0 134 134 0 0 134 134 0 0 134 134 134 134 
0 0 0 0 0 0 0 0 0 0 0 0 0 0 0 0 0 0 0 0 0 0 0 0 0 0 0 0 0 0 0 0 0 0 0 0 0 0 0 0 0 0 0 0 0 0 0 0 132 133 0 0 0 0 0 0 0 0 0 0 0 0 
0 0 0 139 0 0 0 0 0 0 0 0 0 0 0 0 139 0 0 0 0 0 0 0 139 139 139 0 0 0 0 0 0 0 0 0 0 0 0 0 0 139 0 0 0 0 0 0 0 0 139 139 0 0 139 139 0 0 139 139 139 139 
0 0 0 0 0 0 0 0 0 0 0 0 0 0 0 0 0 0 0 0 0 0 0 0 0 0 0 0 0 0 0 0 0 0 0 0 0 0 0 0 0 0 0 0 0 0 0 0 0 0 137 138 0 0 0 0 0 0 0 0 0 0 
0 0 0 0 0 0 0 0 0 0 0 0 0 0 0 0 142 0 0 0 0 0 0 0 0 0 0 0 0 0 0 0 0 0 0 0 0 0 0 0 0 0 0 0 0 0 0 0 0 0 0 0 143 144 0 0 0 0 0 0 0 0 
0 0 0 153 0 0 0 0 0 154 154 154 154 154 0 0 153 0 0 0 0 0 0 0 153 153 153 0 0 0 0 0 0 0 0 0 0 0 0 0 0 153 0 0 0 0 0 0 0 0 153 153 0 0 153 153 0 0 153 153 153 153 
156 0 0 0 156 0 0 0 0 0 0 0 0 0 0 0 157 0 0 0 0 0 0 0 0 0 0 0 0 0 0 0 0 0 0 0 0 0 0 0 0 0 0 0 0 0 0 0 0 0 0 0 0 0 0 0 0 0 0 0 0 0 
0 0 0 177 0 0 0 0 0 0 0 0 0 0 0 0 0 0 0 0 0 0 0 0 0 0 0 0 0 0 0 0 0 0 0 0 0 0 0 0 0 0 0 0 0 0 0 0 0 0 0 0 0 0 0 0 0 0 177 177 177 177 
0 0 0 0 0 0 0 0 0 0 0 0 0 0 0 0 0 0 0 0 0 0 0 0 0 0 0 0 0 0 0 0 0 0 0 0 0 0 0 0 0 0 0 0 0 0 0 0 0 0 0 0 0 0 0 0 0 0 0 0 0 0 
0 0 0 169 0 0 0 0 0 170 170 170 170 170 0 0 169 0 0 0 0 0 0 0 169 169 169 0 0 0 0 0 0 0 0 0 0 0 0 0 0 169 0 0 0 0 0 0 0 0 169 169 0 0 169 169 0 0 169 169 169 169 
0 0 0 192 0 0 0 0 0 0 0 0 0 0 0 0 0 0 0 0 0 0 0 0 0 0 0 0 0 0 0 0 0 0 0 0 0 0 0 0 0 0 0 0 0 0 0 0 0 0 0 0 0 0 0 0 0 0 189 190 190 191 
0 0 0 181 0 0 0 0 0 0 0 0 0 0 180 0 0 0 0 0 0 0 0 0 184 185 0 0 0 0 0 0 0 0 0 0 0 0 0 0 0 0 0 0 0 0 0 0 0 0 0 0 0 0 0 0 182 183 0 0 0 0 
0 0 0 187 186 0 0 0 0 0 0 0 0 0 0 0 187 0 0 0 0 0 0 0 187 187 187 0 0 0 0 0 0 0 0 0 0 0 0 0 0 187 0 0 0 0 0 0 0 0 187 187 0 0 187 187 0 0 187 187 187 187 
0 0 0 188 0 0 0 0 0 0 0 0 0 0 0 0 188 0 0 0 0 0 0 0 188 188 188 0 0 0 0 0 0 0 0 0 0 0 0 0 0 188 0 0 0 0 0 0 0 0 188 188 0 0 188 188 0 0 188 188 188 188 
0 0 0 0 0 0 0 0 0 0 0 0 0 0 0 0 0 0 0 0 0 0 0 0 0 0 0 0 0 0 0 0 0 0 0 0 0 0 0 0 0 0 0 0 0 0 0 0 0 0 0 0 0 0 0 0 0 0 0 196 0 0 
0 0 0 0 0 0 0 0 0 0 0 0 0 0 0 0 0 0 0 0 0 0 0 0 0 0 0 0 0 0 0 0 0 0 0 0 0 0 0 0 0 0 0 0 0 0 0 0 0 0 0 0 0 0 0 0 0 0 0 0 197 0 
Error list #1: M[39][19]: 55 -> 56
