62

..
;
(
)
,
=
{
}
void
char
int
struct
union
[
]
*
if
else
while
for
continue
break
return
*=
/=
%=
+=
-=
<<=
>>=
&=
^=
|=
||
&&
|
^
&
==
!=
<
>
<=
>=
<<
>>
+
-
/
%
++
--
sizeof
~
!
.
->
identifier
integer_constant
character_constant
string
96
program
dec_or_func
dec_or_funcs
type_specifier
dec_or_func1
plain_declarator
dec_or_func2
dec_or_func4
comma_array_sizes
init_declarator1
comma_init_declarators
dec_or_func3
compound_statement
parameters
declaration
declaration1
init_declarators
function_definition
function_definition1
plain_declaration
comma_plain_declarations
declarators
declarator
comma_declarators
init_declarator
initializer
assignment_expression
comma_initializers
struct_or_union
type_specifier1
identifier
type_specifier2
type_specifiers
comma_type_specifiers
declarator1
declarator2
constant_expression
statement
expression_statement
selection_statement
iteration_statement
jump_statement
expression
selection_statement1
comma_declarations
comma_statements
iteration_statement1
iteration_statement2
iteration_statement3
jump_statement1
comma_assignment_expressions
logical_or_expression
unary_expression
assignment_operator
logical_and_expression
comma_logical_and_expressions
inclusive_or_expression
comma_inclusive_or_expressions
exclusive_or_expression
comma_exclusive_or_expressions
and_expression
comma_and_expressions
equality_expression
comma_equality_expressions
relational_expression
comma_relational_expressions
equality_operator
shift_expression
comma_shift_expressions
relational_operator
additive_expression
comma_additive_expressions
shift_operator
multiplicative_expression
comma_multiplicative_expressions
additive_operator
cast_expression
comma_cast_expressions
multiplicative_operator
postfixes
constant
string
cast_expression1
unary_operator
unary_expression1
type_name
pointers
postfix_expression
postfixes\
unary_expression2
primary_expression
postfix
postfix1
arguments
integer_constant
character_constant
197
1 2 1 2 1 3
3 1 0 1
3 2 1 2 1 3
2 2 1 4 1 5
5 1 0 3
5 2 1 6 1 7
7 2 0 4 1 8
7 4 1 9 1 10 1 11 0 3
12 3 1 10 1 11 0 3
12 1 1 13
8 2 0 5 1 12
8 3 1 14 0 5 1 12
15 2 1 4 1 16
16 1 0 3
16 2 1 17 0 3
18 4 1 4 1 6 0 4 1 19
19 2 0 5 1 13
19 3 1 14 0 5 1 13
14 2 1 20 1 21
21 1 0 1
21 3 0 6 1 20 1 21
22 2 1 23 1 24
24 1 0 1
24 3 0 6 1 23 1 24
17 2 1 25 1 11
11 1 0 1
11 3 0 6 1 25 1 11
25 2 1 23 1 10
10 1 0 1
10 2 0 7 1 26
26 1 1 27
26 4 0 8 1 26 1 28 0 9
28 1 0 1
28 3 0 6 1 26 1 28
4 1 0 10
4 1 0 11
4 1 0 12
4 2 1 29 1 30
30 2 1 31 1 32
30 3 0 8 1 33 0 9
32 1 0 1
32 3 0 8 1 33 0 9
33 3 1 4 1 22 1 34
34 1 0 1
34 4 0 3 1 4 1 22 1 34
29 1 0 13
29 1 0 14
20 2 1 4 1 23
23 2 1 6 1 35
35 2 0 4 1 36
35 1 1 9
36 1 0 5
36 2 1 14 0 5
9 1 0 1
9 4 0 15 1 37 0 16 1 9
6 1 1 31
6 2 0 17 1 6
38 1 1 39
38 1 1 13
38 1 1 40
38 1 1 41
38 1 1 42
40 6 0 18 0 4 1 43 0 5 1 38 1 44
44 1 0 1
44 2 0 19 1 38
39 1 0 3
39 2 1 43 0 3
13 4 0 8 1 45 1 46 0 9
45 1 0 1
45 2 1 15 1 45
46 1 0 1
46 2 1 38 1 46
41 5 0 20 0 4 1 43 0 5 1 38
41 3 0 21 0 4 1 47
47 2 1 39 1 48
48 2 1 39 1 49
49 2 0 5 1 38
49 3 1 43 0 5 1 38
42 2 0 22 0 3
42 2 0 23 0 3
42 2 0 24 1 50
50 1 0 3
50 2 1 43 0 3
43 2 1 27 1 51
51 1 0 1
51 3 0 6 1 27 1 51
27 1 1 52
27 3 1 53 1 54 1 27
54 1 0 7
54 1 0 25
54 1 0 26
54 1 0 27
54 1 0 28
54 1 0 29
54 1 0 30
54 1 0 31
54 1 0 32
54 1 0 33
54 1 0 34
37 1 1 52
52 2 1 55 1 56
56 1 0 1
56 3 0 35 1 55 1 56
55 2 1 57 1 58
58 1 0 1
58 3 0 36 1 57 1 58
57 2 1 59 1 60
60 1 0 1
60 3 0 37 1 59 1 60
59 2 1 61 1 62
62 1 0 1
62 3 0 38 1 61 1 62
61 2 1 63 1 64
64 1 0 1
64 3 0 39 1 63 1 64
63 2 1 65 1 66
66 1 0 1
66 3 1 67 1 65 1 66
67 1 0 40
67 1 0 41
65 2 1 68 1 69
69 1 0 1
69 3 1 70 1 68 1 69
70 1 0 42
70 1 0 43
70 1 0 44
70 1 0 45
68 2 1 71 1 72
72 1 0 1
72 3 1 73 1 71 1 72
73 1 0 46
73 1 0 47
71 2 1 74 1 75
75 1 0 1
75 3 1 76 1 74 1 75
76 1 0 48
76 1 0 49
74 2 1 77 1 78
78 1 0 1
78 3 1 79 1 77 1 78
79 1 0 17
79 1 0 50
79 1 0 51
77 2 1 31 1 80
77 2 1 81 1 80
77 2 1 82 1 80
77 2 0 4 1 83
77 2 0 52 1 53
77 2 0 53 1 53
77 2 1 84 1 77
77 2 0 54 1 85
83 3 1 43 0 5 1 80
83 3 1 86 0 5 1 77
86 2 1 4 1 87
87 1 0 1
87 2 0 17 1 87
53 1 1 88
53 2 0 52 1 53
53 2 0 53 1 53
53 2 1 84 1 77
53 2 0 54 1 85
85 6 1 31 1 89 1 81 1 89 1 82 1 80
85 2 0 4 1 90
85 2 0 52 1 53
85 2 0 53 1 53
85 2 1 84 1 77
85 2 0 54 1 85
90 3 1 43 0 5 1 80
90 2 1 86 0 5
84 1 0 39
84 1 0 17
84 1 0 48
84 1 0 49
84 1 0 55
84 1 0 56
88 2 1 91 1 80
80 1 0 1
80 2 1 92 1 80
92 3 0 15 1 43 0 16
92 2 0 4 1 93
92 2 0 57 1 31
92 2 0 58 1 31
92 1 0 52
92 1 0 53
93 1 0 5
93 2 1 94 0 5
94 1 1 43
91 1 1 31
91 1 1 81
91 1 1 82
91 3 0 4 1 43 0 5
81 1 1 95
81 1 1 96
31 1 0 59
95 1 0 60
96 1 0 61
82 1 0 62
0 0 0 0 0 0 0 0 0 1 1 1 1 1 0 0 0 0 0 0 0 0 0 0 0 0 0 0 0 0 0 0 0 0 0 0 0 0 0 0 0 0 0 0 0 0 0 0 0 0 0 0 0 0 0 0 0 0 0 0 0 0 
0 0 0 0 0 0 0 0 0 4 4 4 4 4 0 0 0 0 0 0 0 0 0 0 0 0 0 0 0 0 0 0 0 0 0 0 0 0 0 0 0 0 0 0 0 0 0 0 0 0 0 0 0 0 0 0 0 0 0 0 0 0 
2 2 0 0 0 0 0 0 0 3 3 3 3 3 0 0 0 0 0 0 0 0 0 0 0 0 0 0 0 0 0 0 0 0 0 0 0 0 0 0 0 0 0 0 0 0 0 0 0 0 0 0 0 0 0 0 0 0 0 0 0 0 
0 0 0 0 0 0 0 0 0 35 36 37 38 38 0 0 0 0 0 0 0 0 0 0 0 0 0 0 0 0 0 0 0 0 0 0 0 0 0 0 0 0 0 0 0 0 0 0 0 0 0 0 0 0 0 0 0 0 0 0 0 0 
0 0 5 0 0 0 0 0 0 0 0 0 0 0 0 0 6 0 0 0 0 0 0 0 0 0 0 0 0 0 0 0 0 0 0 0 0 0 0 0 0 0 0 0 0 0 0 0 0 0 0 0 0 0 0 0 0 0 6 0 0 0 
0 0 0 0 0 0 0 0 0 0 0 0 0 0 0 0 57 0 0 0 0 0 0 0 0 0 0 0 0 0 0 0 0 0 0 0 0 0 0 0 0 0 0 0 0 0 0 0 0 0 0 0 0 0 0 0 0 0 56 0 0 0 
0 0 0 7 0 0 0 0 0 0 0 0 0 0 8 0 0 0 0 0 0 0 0 0 0 0 0 0 0 0 0 0 0 0 0 0 0 0 0 0 0 0 0 0 0 0 0 0 0 0 0 0 0 0 0 0 0 0 0 0 0 0 
0 0 0 0 11 0 0 0 0 12 12 12 12 12 0 0 0 0 0 0 0 0 0 0 0 0 0 0 0 0 0 0 0 0 0 0 0 0 0 0 0 0 0 0 0 0 0 0 0 0 0 0 0 0 0 0 0 0 0 0 0 0 
54 0 0 0 0 54 54 0 0 0 0 0 0 0 55 0 0 0 0 0 0 0 0 0 0 0 0 0 0 0 0 0 0 0 0 0 0 0 0 0 0 0 0 0 0 0 0 0 0 0 0 0 0 0 0 0 0 0 0 0 0 0 
29 0 0 0 0 29 30 0 0 0 0 0 0 0 0 0 0 0 0 0 0 0 0 0 0 0 0 0 0 0 0 0 0 0 0 0 0 0 0 0 0 0 0 0 0 0 0 0 0 0 0 0 0 0 0 0 0 0 0 0 0 0 
26 0 26 0 0 27 0 0 0 0 0 0 0 0 0 0 0 0 0 0 0 0 0 0 0 0 0 0 0 0 0 0 0 0 0 0 0 0 0 0 0 0 0 0 0 0 0 0 0 0 0 0 0 0 0 0 0 0 0 0 0 0 
0 0 0 0 0 0 9 10 0 0 0 0 0 0 0 0 0 0 0 0 0 0 0 0 0 0 0 0 0 0 0 0 0 0 0 0 0 0 0 0 0 0 0 0 0 0 0 0 0 0 0 0 0 0 0 0 0 0 0 0 0 0 
0 0 0 0 0 0 0 68 0 0 0 0 0 0 0 0 0 0 0 0 0 0 0 0 0 0 0 0 0 0 0 0 0 0 0 0 0 0 0 0 0 0 0 0 0 0 0 0 0 0 0 0 0 0 0 0 0 0 0 0 0 0 
0 0 0 0 0 0 0 0 0 19 19 19 19 19 0 0 0 0 0 0 0 0 0 0 0 0 0 0 0 0 0 0 0 0 0 0 0 0 0 0 0 0 0 0 0 0 0 0 0 0 0 0 0 0 0 0 0 0 0 0 0 0 
0 0 0 0 0 0 0 0 0 13 13 13 13 13 0 0 0 0 0 0 0 0 0 0 0 0 0 0 0 0 0 0 0 0 0 0 0 0 0 0 0 0 0 0 0 0 0 0 0 0 0 0 0 0 0 0 0 0 0 0 0 0 
0 0 14 0 0 0 0 0 0 0 0 0 0 0 0 0 15 0 0 0 0 0 0 0 0 0 0 0 0 0 0 0 0 0 0 0 0 0 0 0 0 0 0 0 0 0 0 0 0 0 0 0 0 0 0 0 0 0 15 0 0 0 
0 0 0 0 0 0 0 0 0 0 0 0 0 0 0 0 25 0 0 0 0 0 0 0 0 0 0 0 0 0 0 0 0 0 0 0 0 0 0 0 0 0 0 0 0 0 0 0 0 0 0 0 0 0 0 0 0 0 25 0 0 0 
0 0 0 0 0 0 0 0 0 16 16 16 16 16 0 0 0 0 0 0 0 0 0 0 0 0 0 0 0 0 0 0 0 0 0 0 0 0 0 0 0 0 0 0 0 0 0 0 0 0 0 0 0 0 0 0 0 0 0 0 0 0 
0 0 0 0 17 0 0 0 0 18 18 18 18 18 0 0 0 0 0 0 0 0 0 0 0 0 0 0 0 0 0 0 0 0 0 0 0 0 0 0 0 0 0 0 0 0 0 0 0 0 0 0 0 0 0 0 0 0 0 0 0 0 
0 0 0 0 0 0 0 0 0 48 48 48 48 48 0 0 0 0 0 0 0 0 0 0 0 0 0 0 0 0 0 0 0 0 0 0 0 0 0 0 0 0 0 0 0 0 0 0 0 0 0 0 0 0 0 0 0 0 0 0 0 0 
20 0 0 0 20 21 0 0 0 0 0 0 0 0 0 0 0 0 0 0 0 0 0 0 0 0 0 0 0 0 0 0 0 0 0 0 0 0 0 0 0 0 0 0 0 0 0 0 0 0 0 0 0 0 0 0 0 0 0 0 0 0 
0 0 0 0 0 0 0 0 0 0 0 0 0 0 0 0 22 0 0 0 0 0 0 0 0 0 0 0 0 0 0 0 0 0 0 0 0 0 0 0 0 0 0 0 0 0 0 0 0 0 0 0 0 0 0 0 0 0 22 0 0 0 
0 0 0 0 0 0 0 0 0 0 0 0 0 0 0 0 49 0 0 0 0 0 0 0 0 0 0 0 0 0 0 0 0 0 0 0 0 0 0 0 0 0 0 0 0 0 0 0 0 0 0 0 0 0 0 0 0 0 49 0 0 0 
23 0 23 0 0 24 0 0 0 0 0 0 0 0 0 0 0 0 0 0 0 0 0 0 0 0 0 0 0 0 0 0 0 0 0 0 0 0 0 0 0 0 0 0 0 0 0 0 0 0 0 0 0 0 0 0 0 0 0 0 0 0 
0 0 0 0 0 0 0 0 0 0 0 0 0 0 0 0 28 0 0 0 0 0 0 0 0 0 0 0 0 0 0 0 0 0 0 0 0 0 0 0 0 0 0 0 0 0 0 0 0 0 0 0 0 0 0 0 0 0 28 0 0 0 
0 0 0 31 0 0 0 32 0 0 0 0 0 0 0 0 31 0 0 0 0 0 0 0 0 0 0 0 0 0 0 0 0 0 0 0 0 0 31 0 0 0 0 0 0 0 0 31 31 0 0 31 31 31 31 31 0 0 31 31 31 31 
0 0 0 88 0 0 0 0 0 0 0 0 0 0 0 0 88 0 0 0 0 0 0 0 0 0 0 0 0 0 0 0 0 0 0 0 0 0 88 0 0 0 0 0 0 0 0 88 88 0 0 88 88 88 88 88 0 0 88 88 88 88 
33 0 0 0 0 34 0 0 33 0 0 0 0 0 0 0 0 0 0 0 0 0 0 0 0 0 0 0 0 0 0 0 0 0 0 0 0 0 0 0 0 0 0 0 0 0 0 0 0 0 0 0 0 0 0 0 0 0 0 0 0 0 
0 0 0 0 0 0 0 0 0 0 0 0 46 47 0 0 0 0 0 0 0 0 0 0 0 0 0 0 0 0 0 0 0 0 0 0 0 0 0 0 0 0 0 0 0 0 0 0 0 0 0 0 0 0 0 0 0 0 0 0 0 0 
0 0 0 0 0 0 0 40 0 0 0 0 0 0 0 0 0 0 0 0 0 0 0 0 0 0 0 0 0 0 0 0 0 0 0 0 0 0 0 0 0 0 0 0 0 0 0 0 0 0 0 0 0 0 0 0 0 0 39 0 0 0 
0 0 0 0 0 0 0 0 0 0 0 0 0 0 0 0 0 0 0 0 0 0 0 0 0 0 0 0 0 0 0 0 0 0 0 0 0 0 0 0 0 0 0 0 0 0 0 0 0 0 0 0 0 0 0 0 0 0 194 0 0 0 
41 0 41 0 0 0 0 42 0 0 0 0 0 0 0 0 41 0 0 0 0 0 0 0 0 0 0 0 0 0 0 0 0 0 0 0 0 0 0 0 0 0 0 0 0 0 0 0 0 0 0 0 0 0 0 0 0 0 41 0 0 0 
0 0 0 0 0 0 0 0 0 43 43 43 43 43 0 0 0 0 0 0 0 0 0 0 0 0 0 0 0 0 0 0 0 0 0 0 0 0 0 0 0 0 0 0 0 0 0 0 0 0 0 0 0 0 0 0 0 0 0 0 0 0 
44 0 45 0 0 0 0 0 44 0 0 0 0 0 0 0 0 0 0 0 0 0 0 0 0 0 0 0 0 0 0 0 0 0 0 0 0 0 0 0 0 0 0 0 0 0 0 0 0 0 0 0 0 0 0 0 0 0 0 0 0 0 
0 0 0 50 0 0 0 0 0 0 0 0 0 0 51 0 0 0 0 0 0 0 0 0 0 0 0 0 0 0 0 0 0 0 0 0 0 0 0 0 0 0 0 0 0 0 0 0 0 0 0 0 0 0 0 0 0 0 0 0 0 0 
0 0 0 0 52 0 0 0 0 53 53 53 53 53 0 0 0 0 0 0 0 0 0 0 0 0 0 0 0 0 0 0 0 0 0 0 0 0 0 0 0 0 0 0 0 0 0 0 0 0 0 0 0 0 0 0 0 0 0 0 0 0 
0 0 0 100 0 0 0 0 0 0 0 0 0 0 0 0 100 0 0 0 0 0 0 0 0 0 0 0 0 0 0 0 0 0 0 0 0 0 100 0 0 0 0 0 0 0 0 100 100 0 0 100 100 100 100 100 0 0 100 100 100 100 
0 0 58 58 0 0 0 59 0 0 0 0 0 0 0 0 58 60 0 61 61 62 62 62 0 0 0 0 0 0 0 0 0 0 0 0 0 0 58 0 0 0 0 0 0 0 0 58 58 0 0 58 58 58 58 58 0 0 58 58 58 58 
0 0 66 67 0 0 0 0 0 0 0 0 0 0 0 0 67 0 0 0 0 0 0 0 0 0 0 0 0 0 0 0 0 0 0 0 0 0 67 0 0 0 0 0 0 0 0 67 67 0 0 67 67 67 67 67 0 0 67 67 67 67 
0 0 0 0 0 0 0 0 0 0 0 0 0 0 0 0 0 63 0 0 0 0 0 0 0 0 0 0 0 0 0 0 0 0 0 0 0 0 0 0 0 0 0 0 0 0 0 0 0 0 0 0 0 0 0 0 0 0 0 0 0 0 
0 0 0 0 0 0 0 0 0 0 0 0 0 0 0 0 0 0 0 73 74 0 0 0 0 0 0 0 0 0 0 0 0 0 0 0 0 0 0 0 0 0 0 0 0 0 0 0 0 0 0 0 0 0 0 0 0 0 0 0 0 0 
0 0 0 0 0 0 0 0 0 0 0 0 0 0 0 0 0 0 0 0 0 79 80 81 0 0 0 0 0 0 0 0 0 0 0 0 0 0 0 0 0 0 0 0 0 0 0 0 0 0 0 0 0 0 0 0 0 0 0 0 0 0 
0 0 0 84 0 0 0 0 0 0 0 0 0 0 0 0 84 0 0 0 0 0 0 0 0 0 0 0 0 0 0 0 0 0 0 0 0 0 84 0 0 0 0 0 0 0 0 84 84 0 0 84 84 84 84 84 0 0 84 84 84 84 
64 0 64 64 0 0 0 64 0 0 0 0 0 0 0 0 64 64 65 64 64 64 64 64 0 0 0 0 0 0 0 0 0 0 0 0 0 0 64 0 0 0 0 0 0 0 0 64 64 0 0 64 64 64 64 64 0 0 64 64 64 64 
69 0 69 69 0 0 0 69 0 70 70 70 70 70 0 0 69 69 0 69 69 69 69 69 0 0 0 0 0 0 0 0 0 0 0 0 0 0 69 0 0 0 0 0 0 0 0 69 69 0 0 69 69 69 69 69 0 0 69 69 69 69 
71 0 72 72 0 0 0 72 71 0 0 0 0 0 0 0 72 72 0 72 72 72 72 72 0 0 0 0 0 0 0 0 0 0 0 0 0 0 72 0 0 0 0 0 0 0 0 72 72 0 0 72 72 72 72 72 0 0 72 72 72 72 
0 0 75 75 0 0 0 0 0 0 0 0 0 0 0 0 75 0 0 0 0 0 0 0 0 0 0 0 0 0 0 0 0 0 0 0 0 0 75 0 0 0 0 0 0 0 0 75 75 0 0 75 75 75 75 75 0 0 75 75 75 75 
0 0 76 76 0 0 0 0 0 0 0 0 0 0 0 0 76 0 0 0 0 0 0 0 0 0 0 0 0 0 0 0 0 0 0 0 0 0 76 0 0 0 0 0 0 0 0 76 76 0 0 76 76 76 76 76 0 0 76 76 76 76 
0 0 0 78 77 0 0 0 0 0 0 0 0 0 0 0 78 0 0 0 0 0 0 0 0 0 0 0 0 0 0 0 0 0 0 0 0 0 78 0 0 0 0 0 0 0 0 78 78 0 0 78 78 78 78 78 0 0 78 78 78 78 
0 0 82 83 0 0 0 0 0 0 0 0 0 0 0 0 83 0 0 0 0 0 0 0 0 0 0 0 0 0 0 0 0 0 0 0 0 0 83 0 0 0 0 0 0 0 0 83 83 0 0 83 83 83 83 83 0 0 83 83 83 83 
85 0 85 0 85 86 0 0 0 0 0 0 0 0 0 85 0 0 0 0 0 0 0 0 0 0 0 0 0 0 0 0 0 0 0 0 0 0 0 0 0 0 0 0 0 0 0 0 0 0 0 0 0 0 0 0 0 0 0 0 0 0 
0 0 0 101 0 0 0 0 0 0 0 0 0 0 0 0 101 0 0 0 0 0 0 0 0 0 0 0 0 0 0 0 0 0 0 0 0 0 101 0 0 0 0 0 0 0 0 101 101 0 0 101 101 101 101 101 0 0 101 101 101 101 
0 0 0 157 0 0 0 0 0 0 0 0 0 0 0 0 160 0 0 0 0 0 0 0 0 0 0 0 0 0 0 0 0 0 0 0 0 0 160 0 0 0 0 0 0 0 0 160 160 0 0 158 159 161 160 160 0 0 157 157 157 157 
0 0 0 0 0 0 89 0 0 0 0 0 0 0 0 0 0 0 0 0 0 0 0 0 90 91 92 93 94 95 96 97 98 99 0 0 0 0 0 0 0 0 0 0 0 0 0 0 0 0 0 0 0 0 0 0 0 0 0 0 0 0 
0 0 0 104 0 0 0 0 0 0 0 0 0 0 0 0 104 0 0 0 0 0 0 0 0 0 0 0 0 0 0 0 0 0 0 0 0 0 104 0 0 0 0 0 0 0 0 104 104 0 0 104 104 104 104 104 0 0 104 104 104 104 
102 0 0 0 0 102 0 0 0 0 0 0 0 0 0 102 0 0 0 0 0 0 0 0 0 0 0 0 0 0 0 0 0 0 103 0 0 0 0 0 0 0 0 0 0 0 0 0 0 0 0 0 0 0 0 0 0 0 0 0 0 0 
0 0 0 107 0 0 0 0 0 0 0 0 0 0 0 0 107 0 0 0 0 0 0 0 0 0 0 0 0 0 0 0 0 0 0 0 0 0 107 0 0 0 0 0 0 0 0 107 107 0 0 107 107 107 107 107 0 0 107 107 107 107 
105 0 0 0 0 0 0 0 0 0 0 0 0 0 0 0 0 0 0 0 0 0 0 0 0 0 0 0 0 0 0 0 0 0 105 106 0 0 0 0 0 0 0 0 0 0 0 0 0 0 0 0 0 0 0 0 0 0 0 0 0 0 
0 0 0 110 0 0 0 0 0 0 0 0 0 0 0 0 110 0 0 0 0 0 0 0 0 0 0 0 0 0 0 0 0 0 0 0 0 0 110 0 0 0 0 0 0 0 0 110 110 0 0 110 110 110 110 110 0 0 110 110 110 110 
108 0 0 0 0 0 0 0 0 0 0 0 0 0 0 0 0 0 0 0 0 0 0 0 0 0 0 0 0 0 0 0 0 0 0 108 109 0 0 0 0 0 0 0 0 0 0 0 0 0 0 0 0 0 0 0 0 0 0 0 0 0 
0 0 0 113 0 0 0 0 0 0 0 0 0 0 0 0 113 0 0 0 0 0 0 0 0 0 0 0 0 0 0 0 0 0 0 0 0 0 113 0 0 0 0 0 0 0 0 113 113 0 0 113 113 113 113 113 0 0 113 113 113 113 
111 0 0 0 0 0 0 0 0 0 0 0 0 0 0 0 0 0 0 0 0 0 0 0 0 0 0 0 0 0 0 0 0 0 0 0 111 112 0 0 0 0 0 0 0 0 0 0 0 0 0 0 0 0 0 0 0 0 0 0 0 0 
0 0 0 116 0 0 0 0 0 0 0 0 0 0 0 0 116 0 0 0 0 0 0 0 0 0 0 0 0 0 0 0 0 0 0 0 0 0 116 0 0 0 0 0 0 0 0 116 116 0 0 116 116 116 116 116 0 0 116 116 116 116 
114 0 0 0 0 0 0 0 0 0 0 0 0 0 0 0 0 0 0 0 0 0 0 0 0 0 0 0 0 0 0 0 0 0 0 0 0 114 115 0 0 0 0 0 0 0 0 0 0 0 0 0 0 0 0 0 0 0 0 0 0 0 
0 0 0 121 0 0 0 0 0 0 0 0 0 0 0 0 121 0 0 0 0 0 0 0 0 0 0 0 0 0 0 0 0 0 0 0 0 0 121 0 0 0 0 0 0 0 0 121 121 0 0 121 121 121 121 121 0 0 121 121 121 121 
117 0 0 0 0 0 0 0 0 0 0 0 0 0 0 0 0 0 0 0 0 0 0 0 0 0 0 0 0 0 0 0 0 0 0 0 0 0 117 118 118 0 0 0 0 0 0 0 0 0 0 0 0 0 0 0 0 0 0 0 0 0 
0 0 0 0 0 0 0 0 0 0 0 0 0 0 0 0 0 0 0 0 0 0 0 0 0 0 0 0 0 0 0 0 0 0 0 0 0 0 0 119 120 0 0 0 0 0 0 0 0 0 0 0 0 0 0 0 0 0 0 0 0 0 
0 0 0 128 0 0 0 0 0 0 0 0 0 0 0 0 128 0 0 0 0 0 0 0 0 0 0 0 0 0 0 0 0 0 0 0 0 0 128 0 0 0 0 0 0 0 0 128 128 0 0 128 128 128 128 128 0 0 128 128 128 128 
122 0 0 0 0 0 0 0 0 0 0 0 0 0 0 0 0 0 0 0 0 0 0 0 0 0 0 0 0 0 0 0 0 0 0 0 0 0 0 122 122 123 123 123 123 0 0 0 0 0 0 0 0 0 0 0 0 0 0 0 0 0 
0 0 0 0 0 0 0 0 0 0 0 0 0 0 0 0 0 0 0 0 0 0 0 0 0 0 0 0 0 0 0 0 0 0 0 0 0 0 0 0 0 124 125 126 127 0 0 0 0 0 0 0 0 0 0 0 0 0 0 0 0 0 
0 0 0 133 0 0 0 0 0 0 0 0 0 0 0 0 133 0 0 0 0 0 0 0 0 0 0 0 0 0 0 0 0 0 0 0 0 0 133 0 0 0 0 0 0 0 0 133 133 0 0 133 133 133 133 133 0 0 133 133 133 133 
129 0 0 0 0 0 0 0 0 0 0 0 0 0 0 0 0 0 0 0 0 0 0 0 0 0 0 0 0 0 0 0 0 0 0 0 0 0 0 0 0 129 129 129 129 130 130 0 0 0 0 0 0 0 0 0 0 0 0 0 0 0 
0 0 0 0 0 0 0 0 0 0 0 0 0 0 0 0 0 0 0 0 0 0 0 0 0 0 0 0 0 0 0 0 0 0 0 0 0 0 0 0 0 0 0 0 0 131 132 0 0 0 0 0 0 0 0 0 0 0 0 0 0 0 
0 0 0 138 0 0 0 0 0 0 0 0 0 0 0 0 138 0 0 0 0 0 0 0 0 0 0 0 0 0 0 0 0 0 0 0 0 0 138 0 0 0 0 0 0 0 0 138 138 0 0 138 138 138 138 138 0 0 138 138 138 138 
134 0 0 0 0 0 0 0 0 0 0 0 0 0 0 0 0 0 0 0 0 0 0 0 0 0 0 0 0 0 0 0 0 0 0 0 0 0 0 0 0 0 0 0 0 134 134 135 135 0 0 0 0 0 0 0 0 0 0 0 0 0 
0 0 0 0 0 0 0 0 0 0 0 0 0 0 0 0 0 0 0 0 0 0 0 0 0 0 0 0 0 0 0 0 0 0 0 0 0 0 0 0 0 0 0 0 0 0 0 136 137 0 0 0 0 0 0 0 0 0 0 0 0 0 
0 0 0 147 0 0 0 0 0 0 0 0 0 0 0 0 150 0 0 0 0 0 0 0 0 0 0 0 0 0 0 0 0 0 0 0 0 0 150 0 0 0 0 0 0 0 0 150 150 0 0 148 149 151 150 150 0 0 144 145 145 146 
139 0 0 0 0 0 0 0 0 0 0 0 0 0 0 0 140 0 0 0 0 0 0 0 0 0 0 0 0 0 0 0 0 0 0 0 0 0 0 0 0 0 0 0 0 0 0 139 139 140 140 0 0 0 0 0 0 0 0 0 0 0 
0 0 0 0 0 0 0 0 0 0 0 0 0 0 0 0 141 0 0 0 0 0 0 0 0 0 0 0 0 0 0 0 0 0 0 0 0 0 0 0 0 0 0 0 0 0 0 0 0 142 143 0 0 0 0 0 0 0 0 0 0 0 
177 0 0 178 0 0 177 0 0 0 0 0 0 0 178 0 177 0 0 0 0 0 0 0 177 177 177 177 177 177 177 177 177 177 0 0 0 0 0 0 0 0 0 0 0 0 0 0 0 177 177 178 178 0 0 0 178 178 0 0 0 0 
0 0 0 0 0 0 0 0 0 0 0 0 0 0 0 0 0 0 0 0 0 0 0 0 0 0 0 0 0 0 0 0 0 0 0 0 0 0 0 0 0 0 0 0 0 0 0 0 0 0 0 0 0 0 0 0 0 0 0 192 193 0 
0 0 0 0 0 0 0 0 0 0 0 0 0 0 0 0 0 0 0 0 0 0 0 0 0 0 0 0 0 0 0 0 0 0 0 0 0 0 0 0 0 0 0 0 0 0 0 0 0 0 0 0 0 0 0 0 0 0 0 0 0 197 
0 0 0 152 0 0 0 0 0 153 153 153 153 153 0 0 152 0 0 0 0 0 0 0 0 0 0 0 0 0 0 0 0 0 0 0 0 0 152 0 0 0 0 0 0 0 0 152 152 0 0 152 152 152 152 152 0 0 152 152 152 152 
0 0 0 0 0 0 0 0 0 0 0 0 0 0 0 0 171 0 0 0 0 0 0 0 0 0 0 0 0 0 0 0 0 0 0 0 0 0 170 0 0 0 0 0 0 0 0 172 173 0 0 0 0 0 174 175 0 0 0 0 0 0 
0 0 0 163 0 0 0 0 0 0 0 0 0 0 0 0 166 0 0 0 0 0 0 0 0 0 0 0 0 0 0 0 0 0 0 0 0 0 166 0 0 0 0 0 0 0 0 166 166 0 0 164 165 167 166 166 0 0 162 0 0 0 
0 0 0 0 0 0 0 0 0 154 154 154 154 154 0 0 0 0 0 0 0 0 0 0 0 0 0 0 0 0 0 0 0 0 0 0 0 0 0 0 0 0 0 0 0 0 0 0 0 0 0 0 0 0 0 0 0 0 0 0 0 0 
155 0 0 0 155 0 0 0 0 0 0 0 0 0 0 0 156 0 0 0 0 0 0 0 0 0 0 0 0 0 0 0 0 0 0 0 0 0 0 0 0 0 0 0 0 0 0 0 0 0 0 0 0 0 0 0 0 0 0 0 0 0 
0 0 0 176 0 0 0 0 0 0 0 0 0 0 0 0 0 0 0 0 0 0 0 0 0 0 0 0 0 0 0 0 0 0 0 0 0 0 0 0 0 0 0 0 0 0 0 0 0 0 0 0 0 0 0 0 0 0 176 176 176 176 
0 0 0 0 0 0 0 0 0 0 0 0 0 0 0 0 0 0 0 0 0 0 0 0 0 0 0 0 0 0 0 0 0 0 0 0 0 0 0 0 0 0 0 0 0 0 0 0 0 0 0 0 0 0 0 0 0 0 0 0 0 0 
0 0 0 168 0 0 0 0 0 169 169 169 169 169 0 0 168 0 0 0 0 0 0 0 0 0 0 0 0 0 0 0 0 0 0 0 0 0 168 0 0 0 0 0 0 0 0 168 168 0 0 168 168 168 168 168 0 0 168 168 168 168 
0 0 0 191 0 0 0 0 0 0 0 0 0 0 0 0 0 0 0 0 0 0 0 0 0 0 0 0 0 0 0 0 0 0 0 0 0 0 0 0 0 0 0 0 0 0 0 0 0 0 0 0 0 0 0 0 0 0 188 189 189 190 
0 0 0 180 0 0 0 0 0 0 0 0 0 0 179 0 0 0 0 0 0 0 0 0 0 0 0 0 0 0 0 0 0 0 0 0 0 0 0 0 0 0 0 0 0 0 0 0 0 0 0 183 184 0 0 0 181 182 0 0 0 0 
0 0 0 186 185 0 0 0 0 0 0 0 0 0 0 0 186 0 0 0 0 0 0 0 0 0 0 0 0 0 0 0 0 0 0 0 0 0 186 0 0 0 0 0 0 0 0 186 186 0 0 186 186 186 186 186 0 0 186 186 186 186 
0 0 0 187 0 0 0 0 0 0 0 0 0 0 0 0 187 0 0 0 0 0 0 0 0 0 0 0 0 0 0 0 0 0 0 0 0 0 187 0 0 0 0 0 0 0 0 187 187 0 0 187 187 187 187 187 0 0 187 187 187 187 
0 0 0 0 0 0 0 0 0 0 0 0 0 0 0 0 0 0 0 0 0 0 0 0 0 0 0 0 0 0 0 0 0 0 0 0 0 0 0 0 0 0 0 0 0 0 0 0 0 0 0 0 0 0 0 0 0 0 0 195 0 0 
0 0 0 0 0 0 0 0 0 0 0 0 0 0 0 0 0 0 0 0 0 0 0 0 0 0 0 0 0 0 0 0 0 0 0 0 0 0 0 0 0 0 0 0 0 0 0 0 0 0 0 0 0 0 0 0 0 0 0 0 196 0 
